<?xml version="1.0" encoding="UTF-8"?>
<!-- Generated by org.testng.reporters.JUnitXMLReporter -->
<testsuite ignored="0" hostname="CPBs-MacBook-Air.local" failures="0" tests="2" name="Default test" time="72.025" errors="0" timestamp="2024-09-15T15:12:25 IST">
  <testcase classname="io.cucumber.testng.AbstractTestNGCucumberTests" name="runScenario" time="56.174"/>
  <testcase classname="io.cucumber.testng.AbstractTestNGCucumberTests" name="runScenario" time="14.672"/>
</testsuite> <!-- Default test -->
