<?xml version="1.0" encoding="UTF-8"?>
<testsuite xmlns:xsi="http://www.w3.org/2001/XMLSchema-instance" xsi:noNamespaceSchemaLocation="https://maven.apache.org/surefire/maven-surefire-plugin/xsd/surefire-test-report-3.0.xsd" version="3.0" name="TestSuite" time="32.669" tests="2" errors="0" skipped="0" failures="2">
  <properties>
[...]
</properties>
  <testcase name="runScenario[&quot;User browse and selects an open position&quot;, &quot;Selecting an open position&quot;](1)" classname="runner.campaignRunner" time="16.423">
    <failure message="Cannot invoke &quot;org.openqa.selenium.WebDriver.findElement(org.openqa.selenium.By)&quot; because &quot;this.driver&quot; is null" type="java.lang.NullPointerException"><![CDATA[java.lang.NullPointerException: Cannot invoke "org.openqa.selenium.WebDriver.findElement(org.openqa.selenium.By)" because "this.driver" is null
	at POM.CareerPage.searchJob(CareerPage.java:27)
	at steps.CareerPageSteps.user_enter_text_in_search_box(CareerPageSteps.java:38)
	at ✽.user enter text "Java Full Stack Developer" in search box(file:///Users/machd/eclipse-workspace2/com.project/src/test/resources/uifeature/CareerPage.feature:5)
]]></failure>
    <system-out><![CDATA[
Scenario: User browse and selects an open position               # src/test/resources/uifeature/CareerPage.feature:3
  Given user is at career page                                   # steps.CareerPageSteps.user_is_at_career_page()
  When user enter text "Java Full Stack Developer" in search box # steps.CareerPageSteps.user_enter_text_in_search_box(java.lang.String)
      java.lang.NullPointerException: Cannot invoke "org.openqa.selenium.WebDriver.findElement(org.openqa.selenium.By)" because "this.driver" is null
	at POM.CareerPage.searchJob(CareerPage.java:27)
	at steps.CareerPageSteps.user_enter_text_in_search_box(CareerPageSteps.java:38)
	at ✽.user enter text "Java Full Stack Developer" in search box(file:///Users/machd/eclipse-workspace2/com.project/src/test/resources/uifeature/CareerPage.feature:5)

  Then user click on first option from dropdown                  # steps.CareerPageSteps.user_click_on_first_option_from_dropdown()
]]></system-out>
    <system-err><![CDATA[SLF4J: Failed to load class "org.slf4j.impl.StaticLoggerBinder".
SLF4J: Defaulting to no-operation (NOP) logger implementation
SLF4J: See http://www.slf4j.org/codes.html#StaticLoggerBinder for further details.
]]></system-err>
  </testcase>
  <testcase name="runScenario[&quot;Click on career option on home page&quot;, &quot;Home page functionality&quot;](2)" classname="runner.campaignRunner" time="13.344">
    <failure message="Could not start a new session. Response code 500. Message: Could not create a session: The Safari instance is already paired with another WebDriver session. &#10;Host info: host: &apos;CPBs-MacBook-Air.local&apos;, ip: &apos;2401:4900:57d3:57ec:74ba:731d:bd17:34a0%en0&apos;&#10;Build info: version: &apos;4.19.1&apos;, revision: &apos;abe0ee07dc&apos;&#10;System info: os.name: &apos;Mac OS X&apos;, os.arch: &apos;x86_64&apos;, os.version: &apos;10.15.7&apos;, java.version: &apos;17.0.2&apos;&#10;Driver info: org.openqa.selenium.safari.SafariDriver&#10;Command: [null, newSession {capabilities=[Capabilities {browserName: safari}]}]&#10;Capabilities {browserName: safari}" type="org.openqa.selenium.SessionNotCreatedException"><![CDATA[org.openqa.selenium.SessionNotCreatedException: 
Could not start a new session. Response code 500. Message: Could not create a session: The Safari instance is already paired with another WebDriver session. 
Host info: host: 'CPBs-MacBook-Air.local', ip: '2401:4900:57d3:57ec:74ba:731d:bd17:34a0%en0'
Build info: version: '4.19.1', revision: 'abe0ee07dc'
System info: os.name: 'Mac OS X', os.arch: 'x86_64', os.version: '10.15.7', java.version: '17.0.2'
Driver info: org.openqa.selenium.safari.SafariDriver
Command: [null, newSession {capabilities=[Capabilities {browserName: safari}]}]
Capabilities {browserName: safari}
	at org.openqa.selenium.remote.ProtocolHandshake.createSession(ProtocolHandshake.java:114)
	at org.openqa.selenium.remote.ProtocolHandshake.createSession(ProtocolHandshake.java:75)
	at org.openqa.selenium.remote.ProtocolHandshake.createSession(ProtocolHandshake.java:61)
	at org.openqa.selenium.remote.HttpCommandExecutor.execute(HttpCommandExecutor.java:162)
	at org.openqa.selenium.remote.service.DriverCommandExecutor.invokeExecute(DriverCommandExecutor.java:216)
	at org.openqa.selenium.remote.service.DriverCommandExecutor.execute(DriverCommandExecutor.java:174)
	at org.openqa.selenium.remote.RemoteWebDriver.execute(RemoteWebDriver.java:518)
	at org.openqa.selenium.remote.RemoteWebDriver.startSession(RemoteWebDriver.java:232)
	at org.openqa.selenium.remote.RemoteWebDriver.<init>(RemoteWebDriver.java:161)
	at org.openqa.selenium.safari.SafariDriver.<init>(SafariDriver.java:84)
	at org.openqa.selenium.safari.SafariDriver.<init>(SafariDriver.java:80)
	at org.openqa.selenium.safari.SafariDriver.<init>(SafariDriver.java:57)
	at launchBrowser.driverFactory.openBrowser(driverFactory.java:17)
	at steps.HomePageSteps.user_is_at_landing_page(HomePageSteps.java:20)
	at ✽.user is at landing page(file:///Users/machd/eclipse-workspace2/com.project/src/test/resources/uifeature/HomePage.feature:3)
]]></failure>
    <system-out><![CDATA[
Scenario: Click on career option on home page # src/test/resources/uifeature/HomePage.feature:2
  Given user is at landing page               # steps.HomePageSteps.user_is_at_landing_page()
      org.openqa.selenium.SessionNotCreatedException: Could not start a new session. Response code 500. Message: Could not create a session: The Safari instance is already paired with another WebDriver session. 
Host info: host: 'CPBs-MacBook-Air.local', ip: '2401:4900:57d3:57ec:74ba:731d:bd17:34a0%en0'
Build info: version: '4.19.1', revision: 'abe0ee07dc'
System info: os.name: 'Mac OS X', os.arch: 'x86_64', os.version: '10.15.7', java.version: '17.0.2'
Driver info: org.openqa.selenium.safari.SafariDriver
Command: [null, newSession {capabilities=[Capabilities {browserName: safari}]}]
Capabilities {browserName: safari}
	at org.openqa.selenium.remote.ProtocolHandshake.createSession(ProtocolHandshake.java:114)
	at org.openqa.selenium.remote.ProtocolHandshake.createSession(ProtocolHandshake.java:75)
	at org.openqa.selenium.remote.ProtocolHandshake.createSession(ProtocolHandshake.java:61)
	at org.openqa.selenium.remote.HttpCommandExecutor.execute(HttpCommandExecutor.java:162)
	at org.openqa.selenium.remote.service.DriverCommandExecutor.invokeExecute(DriverCommandExecutor.java:216)
	at org.openqa.selenium.remote.service.DriverCommandExecutor.execute(DriverCommandExecutor.java:174)
	at org.openqa.selenium.remote.RemoteWebDriver.execute(RemoteWebDriver.java:518)
	at org.openqa.selenium.remote.RemoteWebDriver.startSession(RemoteWebDriver.java:232)
	at org.openqa.selenium.remote.RemoteWebDriver.<init>(RemoteWebDriver.java:161)
	at org.openqa.selenium.safari.SafariDriver.<init>(SafariDriver.java:84)
	at org.openqa.selenium.safari.SafariDriver.<init>(SafariDriver.java:80)
	at org.openqa.selenium.safari.SafariDriver.<init>(SafariDriver.java:57)
	at launchBrowser.driverFactory.openBrowser(driverFactory.java:17)
	at steps.HomePageSteps.user_is_at_landing_page(HomePageSteps.java:20)
	at ✽.user is at landing page(file:///Users/machd/eclipse-workspace2/com.project/src/test/resources/uifeature/HomePage.feature:3)

  Then user clicks on Career option           # steps.HomePageSteps.user_clicks_on_career_option()
]]></system-out>
  </testcase>
</testsuite>