<?xml version="1.0" encoding="UTF-8"?>
<testng-results ignored="0" total="2" passed="2" failed="0" skipped="0">
  <reporter-output>
  </reporter-output>
  <suite started-at="2024-09-15T15:11:12 IST" name="Default suite" finished-at="2024-09-15T15:12:24 IST" duration-ms="72025">
    <groups>
      <group name="cucumber">
        <method signature="AbstractTestNGCucumberTests.runScenario(io.cucumber.testng.PickleWrapper,io.cucumber.testng.FeatureWrapper)[pri:0, instance:runner.campaignRunner@437da279]" name="runScenario" class="io.cucumber.testng.AbstractTestNGCucumberTests"/>
      </group> <!-- cucumber -->
    </groups>
    <test started-at="2024-09-15T15:11:12 IST" name="Default test" finished-at="2024-09-15T15:12:24 IST" duration-ms="72025">
      <class name="runner.campaignRunner">
        <test-method is-config="true" signature="setUpClass(org.testng.ITestContext)[pri:0, instance:runner.campaignRunner@437da279]" started-at="2024-09-15T15:11:12 IST" name="setUpClass" finished-at="2024-09-15T15:11:13 IST" duration-ms="1078" status="PASS">
          <params>
            <param index="0">
              <value>
                <![CDATA[org.testng.TestRunner@7dffda8b]]>
              </value>
            </param>
          </params>
          <reporter-output>
          </reporter-output>
        </test-method> <!-- setUpClass -->
        <test-method signature="runScenario(io.cucumber.testng.PickleWrapper,io.cucumber.testng.FeatureWrapper)[pri:0, instance:runner.campaignRunner@437da279]" started-at="2024-09-15T15:11:13 IST" name="runScenario" description="Runs Cucumber Scenarios" data-provider="scenarios" finished-at="2024-09-15T15:12:10 IST" duration-ms="56174" status="PASS">
          <params>
            <param index="0">
              <value>
                <![CDATA["Validate Mobile and Fashion options and click on Mobiles on career option on home page"]]>
              </value>
            </param>
            <param index="1">
              <value>
                <![CDATA["Home page test functionality"]]>
              </value>
            </param>
          </params>
          <reporter-output>
          </reporter-output>
        </test-method> <!-- runScenario -->
        <test-method signature="runScenario(io.cucumber.testng.PickleWrapper,io.cucumber.testng.FeatureWrapper)[pri:0, instance:runner.campaignRunner@437da279]" started-at="2024-09-15T15:12:10 IST" name="runScenario" description="Runs Cucumber Scenarios" data-provider="scenarios" finished-at="2024-09-15T15:12:24 IST" duration-ms="14672" status="PASS">
          <params>
            <param index="0">
              <value>
                <![CDATA["fetch an bestseller apple phone"]]>
              </value>
            </param>
            <param index="1">
              <value>
                <![CDATA["test prduct page funtionality"]]>
              </value>
            </param>
          </params>
          <reporter-output>
          </reporter-output>
        </test-method> <!-- runScenario -->
        <test-method is-config="true" signature="tearDownClass()[pri:0, instance:runner.campaignRunner@437da279]" started-at="2024-09-15T15:12:24 IST" name="tearDownClass" finished-at="2024-09-15T15:12:24 IST" duration-ms="43" status="PASS">
          <reporter-output>
          </reporter-output>
        </test-method> <!-- tearDownClass -->
      </class> <!-- runner.campaignRunner -->
    </test> <!-- Default test -->
  </suite> <!-- Default suite -->
</testng-results>
